<?xml version="1.0" encoding="UTF-8"?>
<robot generator="Robot 3.1.2 (Python 3.8.2 on win32)" generated="20200403 11:45:21.329" rpa="false">
<suite id="s1" name="CATO" source="D:\Softwares\selenium-workspace\CATO">
<suite id="s1-s1" name="Sanity test" source="D:\Softwares\selenium-workspace\CATO\Sanity test">
<suite id="s1-s1-s1" name="CATO-HTTPS Redirection" source="D:\Softwares\selenium-workspace\CATO\Sanity test\CATO-HTTPS Redirection.robot">
<test id="s1-s1-s1-t1" name="To verify HTTPS Redirection">
<kw name="Open Browser" library="SeleniumLibrary">
<doc>Opens a new browser instance to the optional ``url``.</doc>
<arguments>
<arg>http://cvm.xerago.net/</arg>
<arg>chrome</arg>
</arguments>
<msg timestamp="20200403 11:45:21.698" level="INFO">Opening browser 'chrome' to base url 'http://cvm.xerago.net/'.</msg>
<status status="PASS" starttime="20200403 11:45:21.698" endtime="20200403 11:45:46.144"></status>
</kw>
<kw name="Set Selenium Implicit Wait" library="SeleniumLibrary">
<doc>Sets the implicit wait value used by Selenium.</doc>
<arguments>
<arg>10</arg>
</arguments>
<status status="PASS" starttime="20200403 11:45:46.147" endtime="20200403 11:45:46.154"></status>
</kw>
<kw name="Get Location" library="SeleniumLibrary">
<doc>Returns the current browser window URL.</doc>
<assign>
<var>${link}</var>
</assign>
<msg timestamp="20200403 11:45:46.166" level="INFO">${link} = https://cvm.xerago.net/#/Login</msg>
<status status="PASS" starttime="20200403 11:45:46.154" endtime="20200403 11:45:46.166"></status>
</kw>
<kw name="Should Match" library="BuiltIn">
<doc>Fails if the given ``string`` does not match the given ``pattern``.</doc>
<arguments>
<arg>${link}</arg>
<arg>https://cvm.xerago.net/#/Login</arg>
</arguments>
<status status="PASS" starttime="20200403 11:45:46.166" endtime="20200403 11:45:46.166"></status>
</kw>
<status status="PASS" starttime="20200403 11:45:21.696" endtime="20200403 11:45:46.166" critical="yes"></status>
</test>
<status status="PASS" starttime="20200403 11:45:21.406" endtime="20200403 11:45:46.171"></status>
</suite>
<suite id="s1-s1-s2" name="CATO-Login validation" source="D:\Softwares\selenium-workspace\CATO\Sanity test\CATO-Login validation.robot">
<test id="s1-s1-s2-t1" name="To Verify login with Valid credentials">
<kw name="Open Browser" library="SeleniumLibrary">
<doc>Opens a new browser instance to the optional ``url``.</doc>
<arguments>
<arg>https://cvm.xerago.net/</arg>
<arg>chrome</arg>
</arguments>
<msg timestamp="20200403 11:45:46.185" level="INFO">Opening browser 'chrome' to base url 'https://cvm.xerago.net/'.</msg>
<status status="PASS" starttime="20200403 11:45:46.185" endtime="20200403 11:46:09.726"></status>
</kw>
<kw name="Maximize Browser Window" library="SeleniumLibrary">
<doc>Maximizes current browser window.</doc>
<status status="PASS" starttime="20200403 11:46:09.727" endtime="20200403 11:46:11.901"></status>
</kw>
<kw name="Set Selenium Implicit Wait" library="SeleniumLibrary">
<doc>Sets the implicit wait value used by Selenium.</doc>
<arguments>
<arg>10</arg>
</arguments>
<status status="PASS" starttime="20200403 11:46:11.901" endtime="20200403 11:46:11.909"></status>
</kw>
<kw name="Input Text" library="SeleniumLibrary">
<doc>Types the given ``text`` into the text field identified by ``locator``.</doc>
<arguments>
<arg>id=form_username</arg>
<arg>cvmcreator</arg>
</arguments>
<msg timestamp="20200403 11:46:11.911" level="INFO">Typing text 'cvmcreator' into text field 'id=form_username'.</msg>
<status status="PASS" starttime="20200403 11:46:11.910" endtime="20200403 11:46:12.109"></status>
</kw>
<kw name="Input Text" library="SeleniumLibrary">
<doc>Types the given ``text`` into the text field identified by ``locator``.</doc>
<arguments>
<arg>id=form_password</arg>
<arg>CVMdemo@2019</arg>
</arguments>
<msg timestamp="20200403 11:46:12.110" level="INFO">Typing text 'CVMdemo@2019' into text field 'id=form_password'.</msg>
<status status="PASS" starttime="20200403 11:46:12.110" endtime="20200403 11:46:12.317"></status>
</kw>
<kw name="Click Button" library="SeleniumLibrary">
<doc>Clicks the button identified by ``locator``.</doc>
<arguments>
<arg>id=form_login</arg>
</arguments>
<msg timestamp="20200403 11:46:12.318" level="INFO">Clicking button 'id=form_login'.</msg>
<status status="PASS" starttime="20200403 11:46:12.318" endtime="20200403 11:46:12.453"></status>
</kw>
<kw name="Sleep" library="BuiltIn">
<doc>Pauses the test executed for the given time.</doc>
<arguments>
<arg>20</arg>
</arguments>
<msg timestamp="20200403 11:46:32.456" level="INFO">Slept 20 seconds</msg>
<status status="PASS" starttime="20200403 11:46:12.454" endtime="20200403 11:46:32.457"></status>
</kw>
<kw name="Get Location" library="SeleniumLibrary">
<doc>Returns the current browser window URL.</doc>
<assign>
<var>${link}</var>
</assign>
<msg timestamp="20200403 11:46:32.613" level="INFO">${link} = https://cvm.xerago.net/#/Creator/Recommendation_Screen/</msg>
<status status="PASS" starttime="20200403 11:46:32.459" endtime="20200403 11:46:32.613"></status>
</kw>
<kw name="Should Match" library="BuiltIn">
<doc>Fails if the given ``string`` does not match the given ``pattern``.</doc>
<arguments>
<arg>${link}</arg>
<arg>${verify link}</arg>
</arguments>
<status status="PASS" starttime="20200403 11:46:32.613" endtime="20200403 11:46:32.616"></status>
</kw>
<kw name="Close Browser" library="SeleniumLibrary">
<doc>Closes the current browser.</doc>
<status status="PASS" starttime="20200403 11:46:32.616" endtime="20200403 11:46:36.926"></status>
</kw>
<status status="PASS" starttime="20200403 11:45:46.185" endtime="20200403 11:46:36.928" critical="yes"></status>
</test>
<test id="s1-s1-s2-t2" name="To verify login with invalid credentials">
<kw name="Open Browser" library="SeleniumLibrary">
<doc>Opens a new browser instance to the optional ``url``.</doc>
<arguments>
<arg>https://cvm.xerago.net/</arg>
<arg>chrome</arg>
</arguments>
<msg timestamp="20200403 11:46:36.938" level="INFO">Opening browser 'chrome' to base url 'https://cvm.xerago.net/'.</msg>
<status status="PASS" starttime="20200403 11:46:36.935" endtime="20200403 11:47:06.321"></status>
</kw>
<kw name="Maximize Browser Window" library="SeleniumLibrary">
<doc>Maximizes current browser window.</doc>
<status status="PASS" starttime="20200403 11:47:06.322" endtime="20200403 11:47:08.489"></status>
</kw>
<kw name="Set Selenium Implicit Wait" library="SeleniumLibrary">
<doc>Sets the implicit wait value used by Selenium.</doc>
<arguments>
<arg>10</arg>
</arguments>
<status status="PASS" starttime="20200403 11:47:08.489" endtime="20200403 11:47:08.494"></status>
</kw>
<kw name="Input Text" library="SeleniumLibrary">
<doc>Types the given ``text`` into the text field identified by ``locator``.</doc>
<arguments>
<arg>id=form_username</arg>
<arg>cvmcreator</arg>
</arguments>
<msg timestamp="20200403 11:47:08.495" level="INFO">Typing text 'cvmcreator' into text field 'id=form_username'.</msg>
<status status="PASS" starttime="20200403 11:47:08.495" endtime="20200403 11:47:08.635"></status>
</kw>
<kw name="Input Text" library="SeleniumLibrary">
<doc>Types the given ``text`` into the text field identified by ``locator``.</doc>
<arguments>
<arg>id=form_password</arg>
<arg>CVMdemo2019</arg>
</arguments>
<msg timestamp="20200403 11:47:08.636" level="INFO">Typing text 'CVMdemo2019' into text field 'id=form_password'.</msg>
<status status="PASS" starttime="20200403 11:47:08.635" endtime="20200403 11:47:08.793"></status>
</kw>
<kw name="Click Button" library="SeleniumLibrary">
<doc>Clicks the button identified by ``locator``.</doc>
<arguments>
<arg>id=form_login</arg>
</arguments>
<msg timestamp="20200403 11:47:08.794" level="INFO">Clicking button 'id=form_login'.</msg>
<status status="PASS" starttime="20200403 11:47:08.793" endtime="20200403 11:47:08.886"></status>
</kw>
<kw name="Sleep" library="BuiltIn">
<doc>Pauses the test executed for the given time.</doc>
<arguments>
<arg>5</arg>
</arguments>
<msg timestamp="20200403 11:47:13.890" level="INFO">Slept 5 seconds</msg>
<status status="PASS" starttime="20200403 11:47:08.886" endtime="20200403 11:47:13.891"></status>
</kw>
<kw name="Get Text" library="SeleniumLibrary">
<doc>Returns the text value of the element identified by ``locator``.</doc>
<arguments>
<arg>id=msg</arg>
</arguments>
<assign>
<var>${alert}</var>
</assign>
<msg timestamp="20200403 11:47:14.021" level="INFO">${alert} = Please enter a valid username/password</msg>
<status status="PASS" starttime="20200403 11:47:13.894" endtime="20200403 11:47:14.021"></status>
</kw>
<kw name="Should Match" library="BuiltIn">
<doc>Fails if the given ``string`` does not match the given ``pattern``.</doc>
<arguments>
<arg>${alert}</arg>
<arg>${message}</arg>
</arguments>
<status status="PASS" starttime="20200403 11:47:14.023" endtime="20200403 11:47:14.026"></status>
</kw>
<status status="PASS" starttime="20200403 11:46:36.930" endtime="20200403 11:47:14.029" critical="yes"></status>
</test>
<status status="PASS" starttime="20200403 11:45:46.176" endtime="20200403 11:47:14.033"></status>
</suite>
<status status="PASS" starttime="20200403 11:45:21.403" endtime="20200403 11:47:14.047"></status>
</suite>
<status status="PASS" starttime="20200403 11:45:21.371" endtime="20200403 11:47:14.066"></status>
</suite>
<statistics>
<total>
<stat pass="3" fail="0">Critical Tests</stat>
<stat pass="3" fail="0">All Tests</stat>
</total>
<tag>
</tag>
<suite>
<stat pass="3" fail="0" id="s1" name="CATO">CATO</stat>
<stat pass="3" fail="0" id="s1-s1" name="Sanity test">CATO.Sanity test</stat>
<stat pass="1" fail="0" id="s1-s1-s1" name="CATO-HTTPS Redirection">CATO.Sanity test.CATO-HTTPS Redirection</stat>
<stat pass="2" fail="0" id="s1-s1-s2" name="CATO-Login validation">CATO.Sanity test.CATO-Login validation</stat>
</suite>
</statistics>
<errors>
<msg timestamp="20200403 11:45:21.320" level="WARN">Collapsing consecutive whitespace during parsing is deprecated. Fix ' ${verify link}' in file 'D:\Softwares\selenium-workspace\CATO\Sanity test\CATO-Login validation.robot' on line 6.</msg>
<msg timestamp="20200403 11:45:21.320" level="WARN">Collapsing consecutive whitespace during parsing is deprecated. Fix ' ${message}' in file 'D:\Softwares\selenium-workspace\CATO\Sanity test\CATO-Login validation.robot' on line 7.</msg>
</errors>
</robot>
